<?xml version="1.0" encoding="UTF-8"?>
<!-- Generated by org.testng.reporters.JUnitReportReporter -->
<testsuite hostname="DESKTOP-JB2312J" failures="0" tests="4" name="webdriver.TestCase" time="1.000" errors="0" timestamp="25 Mar 2018 17:50:04 GMT" skipped="0">
  <testcase classname="webdriver.TestCase" name="test" time="0.437"/>
  <testcase classname="webdriver.TestCase" name="test" time="0.110"/>
  <testcase classname="webdriver.TestCase" name="test" time="0.359"/>
  <testcase classname="webdriver.TestCase" name="test" time="0.094"/>
</testsuite> <!-- webdriver.TestCase -->
